mode: set
github.com/marco/evociv-rl/internal/simulation/rl/qtable.go:18.26,24.2 1 1
github.com/marco/evociv-rl/internal/simulation/rl/qtable.go:27.53,30.41 3 1
github.com/marco/evociv-rl/internal/simulation/rl/qtable.go:30.41,31.35 1 1
github.com/marco/evociv-rl/internal/simulation/rl/qtable.go:31.35,33.4 1 1
github.com/marco/evociv-rl/internal/simulation/rl/qtable.go:35.2,35.12 1 1
github.com/marco/evociv-rl/internal/simulation/rl/qtable.go:39.60,42.29 3 1
github.com/marco/evociv-rl/internal/simulation/rl/qtable.go:42.29,44.3 1 1
github.com/marco/evociv-rl/internal/simulation/rl/qtable.go:45.2,45.34 1 1
github.com/marco/evociv-rl/internal/simulation/rl/qtable.go:49.37,53.2 3 1
github.com/marco/evociv-rl/internal/simulation/rl/qtable.go:56.41,60.2 3 1
github.com/marco/evociv-rl/internal/simulation/rl/qtable.go:63.46,67.2 3 1
github.com/marco/evociv-rl/internal/simulation/rl/qtable.go:70.34,74.23 4 1
github.com/marco/evociv-rl/internal/simulation/rl/qtable.go:74.23,76.3 1 1
github.com/marco/evociv-rl/internal/simulation/rl/qtable.go:80.99,81.29 1 1
github.com/marco/evociv-rl/internal/simulation/rl/qtable.go:81.29,84.3 1 1
github.com/marco/evociv-rl/internal/simulation/rl/qtable.go:87.2,89.32 3 1
github.com/marco/evociv-rl/internal/simulation/rl/qtable.go:89.32,91.16 2 1
github.com/marco/evociv-rl/internal/simulation/rl/qtable.go:91.16,94.4 2 0
github.com/marco/evociv-rl/internal/simulation/rl/qtable.go:96.2,96.19 1 1
github.com/marco/evociv-rl/internal/simulation/rl/qtable.go:100.104,104.29 3 1
github.com/marco/evociv-rl/internal/simulation/rl/qtable.go:104.29,106.3 1 0
github.com/marco/evociv-rl/internal/simulation/rl/qtable.go:108.2,112.49 3 1
github.com/marco/evociv-rl/internal/simulation/rl/qtable.go:112.49,113.33 1 0
github.com/marco/evociv-rl/internal/simulation/rl/qtable.go:113.33,114.20 1 0
github.com/marco/evociv-rl/internal/simulation/rl/qtable.go:114.20,116.5 1 0
github.com/marco/evociv-rl/internal/simulation/rl/qtable.go:120.2,120.78 1 1
github.com/marco/evociv-rl/internal/simulation/rl/qtable.go:124.58,128.40 4 0
github.com/marco/evociv-rl/internal/simulation/rl/qtable.go:128.40,130.38 2 0
github.com/marco/evociv-rl/internal/simulation/rl/qtable.go:130.38,132.4 1 0
github.com/marco/evociv-rl/internal/simulation/rl/qtable.go:133.3,133.28 1 0
github.com/marco/evociv-rl/internal/simulation/rl/qtable.go:135.2,135.15 1 0
github.com/marco/evociv-rl/internal/simulation/rl/qtable.go:139.66,143.35 4 0
github.com/marco/evociv-rl/internal/simulation/rl/qtable.go:143.35,145.38 2 0
github.com/marco/evociv-rl/internal/simulation/rl/qtable.go:145.38,147.4 1 0
github.com/marco/evociv-rl/internal/simulation/rl/qtable.go:148.3,148.31 1 0
github.com/marco/evociv-rl/internal/simulation/rl/qtable.go:153.90,157.9 4 1
github.com/marco/evociv-rl/internal/simulation/rl/qtable.go:157.9,159.3 1 1
github.com/marco/evociv-rl/internal/simulation/rl/qtable.go:160.2,160.28 1 1
github.com/marco/evociv-rl/internal/simulation/rl/qtable.go:160.28,161.49 1 1
github.com/marco/evociv-rl/internal/simulation/rl/qtable.go:161.49,163.4 1 1
github.com/marco/evociv-rl/internal/simulation/rl/qtable.go:165.2,165.13 1 0
github.com/marco/evociv-rl/cmd/evociv/main.go:22.13,23.30 1 0
github.com/marco/evociv-rl/cmd/evociv/main.go:23.30,26.3 2 0
github.com/marco/evociv-rl/cmd/evociv/main.go:29.18,37.57 6 0
github.com/marco/evociv-rl/cmd/evociv/main.go:37.57,39.3 1 0
github.com/marco/evociv-rl/cmd/evociv/main.go:40.2,44.16 3 0
github.com/marco/evociv-rl/cmd/evociv/main.go:44.16,55.3 2 0
github.com/marco/evociv-rl/cmd/evociv/main.go:56.2,56.45 1 0
github.com/marco/evociv-rl/cmd/evociv/main.go:56.45,60.3 3 0
github.com/marco/evociv-rl/cmd/evociv/main.go:63.2,64.16 2 0
github.com/marco/evociv-rl/cmd/evociv/main.go:64.16,69.3 2 0
github.com/marco/evociv-rl/cmd/evociv/main.go:72.2,73.16 2 0
github.com/marco/evociv-rl/cmd/evociv/main.go:73.16,76.3 2 0
github.com/marco/evociv-rl/cmd/evociv/main.go:76.8,78.3 1 0
github.com/marco/evociv-rl/cmd/evociv/main.go:81.2,82.16 2 0
github.com/marco/evociv-rl/cmd/evociv/main.go:82.16,84.3 1 0
github.com/marco/evociv-rl/cmd/evociv/main.go:85.2,86.16 2 0
github.com/marco/evociv-rl/cmd/evociv/main.go:86.16,88.3 1 0
github.com/marco/evociv-rl/cmd/evociv/main.go:89.2,90.16 2 0
github.com/marco/evociv-rl/cmd/evociv/main.go:90.16,92.3 1 0
github.com/marco/evociv-rl/cmd/evociv/main.go:95.2,96.16 2 0
github.com/marco/evociv-rl/cmd/evociv/main.go:96.16,98.3 1 0
github.com/marco/evociv-rl/cmd/evociv/main.go:99.2,100.16 2 0
github.com/marco/evociv-rl/cmd/evociv/main.go:100.16,102.3 1 0
github.com/marco/evociv-rl/cmd/evociv/main.go:105.2,111.44 5 0
github.com/marco/evociv-rl/cmd/evociv/main.go:111.44,113.3 1 0
github.com/marco/evociv-rl/cmd/evociv/main.go:113.8,115.36 2 0
github.com/marco/evociv-rl/cmd/evociv/main.go:115.36,117.4 1 0
github.com/marco/evociv-rl/cmd/evociv/main.go:118.3,118.22 1 0
github.com/marco/evociv-rl/cmd/evociv/main.go:118.22,119.94 1 0
github.com/marco/evociv-rl/cmd/evociv/main.go:119.94,121.5 1 0
github.com/marco/evociv-rl/cmd/evociv/main.go:126.2,129.21 4 0
github.com/marco/evociv-rl/cmd/evociv/main.go:129.21,133.3 3 0
github.com/marco/evociv-rl/cmd/evociv/main.go:134.2,134.63 1 0
github.com/marco/evociv-rl/cmd/evociv/main.go:134.63,139.57 5 0
github.com/marco/evociv-rl/cmd/evociv/main.go:139.57,139.84 1 0
github.com/marco/evociv-rl/cmd/evociv/main.go:140.3,141.26 2 0
github.com/marco/evociv-rl/cmd/evociv/main.go:141.26,145.4 3 0
github.com/marco/evociv-rl/cmd/evociv/main.go:146.3,146.35 1 0
github.com/marco/evociv-rl/cmd/evociv/main.go:149.2,149.43 1 0
github.com/marco/evociv-rl/cmd/evociv/main.go:149.43,151.3 1 0
github.com/marco/evociv-rl/cmd/evociv/main.go:154.2,154.63 1 0
github.com/marco/evociv-rl/cmd/evociv/main.go:154.63,156.48 2 0
github.com/marco/evociv-rl/cmd/evociv/main.go:156.48,156.65 1 0
github.com/marco/evociv-rl/cmd/evociv/main.go:157.3,157.52 1 0
github.com/marco/evociv-rl/cmd/evociv/main.go:157.52,159.4 1 0
github.com/marco/evociv-rl/cmd/evociv/main.go:160.3,160.26 1 0
github.com/marco/evociv-rl/cmd/evociv/main.go:160.26,161.59 1 0
github.com/marco/evociv-rl/cmd/evociv/main.go:161.59,163.5 1 0
github.com/marco/evociv-rl/cmd/evociv/main.go:166.2,166.25 1 0
github.com/marco/evociv-rl/cmd/evociv/main.go:166.25,167.58 1 0
github.com/marco/evociv-rl/cmd/evociv/main.go:167.58,169.4 1 0
github.com/marco/evociv-rl/cmd/evociv/main.go:173.2,174.21 2 0
github.com/marco/evociv-rl/cmd/evociv/main.go:174.21,176.3 1 0
github.com/marco/evociv-rl/cmd/evociv/main.go:177.2,180.25 2 0
github.com/marco/evociv-rl/cmd/evociv/main.go:180.25,182.3 1 0
github.com/marco/evociv-rl/cmd/evociv/main.go:183.2,183.25 1 0
github.com/marco/evociv-rl/cmd/evociv/main.go:183.25,185.3 1 0
github.com/marco/evociv-rl/cmd/evociv/main.go:188.2,188.30 1 0
github.com/marco/evociv-rl/cmd/evociv/main.go:188.30,190.34 2 0
github.com/marco/evociv-rl/cmd/evociv/main.go:190.34,193.4 2 0
github.com/marco/evociv-rl/cmd/evociv/main.go:196.2,197.35 2 0
github.com/marco/evociv-rl/cmd/evociv/main.go:197.35,199.3 1 0
github.com/marco/evociv-rl/cmd/evociv/main.go:202.2,202.30 1 0
github.com/marco/evociv-rl/cmd/evociv/main.go:202.30,203.66 1 0
github.com/marco/evociv-rl/cmd/evociv/main.go:203.66,205.4 1 0
github.com/marco/evociv-rl/cmd/evociv/main.go:205.9,207.4 1 0
github.com/marco/evociv-rl/cmd/evociv/main.go:210.2,210.12 1 0
github.com/marco/evociv-rl/internal/simulation/settlement/components.go:46.45,51.2 4 1
github.com/marco/evociv-rl/internal/simulation/settlement/data.go:11.76,13.9 2 1
github.com/marco/evociv-rl/internal/simulation/settlement/data.go:13.9,15.3 1 1
github.com/marco/evociv-rl/internal/simulation/settlement/data.go:17.2,18.27 2 1
github.com/marco/evociv-rl/internal/simulation/settlement/data.go:18.27,20.10 2 1
github.com/marco/evociv-rl/internal/simulation/settlement/data.go:20.10,21.12 1 0
github.com/marco/evociv-rl/internal/simulation/settlement/data.go:23.3,24.36 2 1
github.com/marco/evociv-rl/internal/simulation/settlement/data.go:24.36,26.4 1 1
github.com/marco/evociv-rl/internal/simulation/settlement/data.go:27.3,27.38 1 1
github.com/marco/evociv-rl/internal/simulation/settlement/data.go:27.38,29.4 1 1
github.com/marco/evociv-rl/internal/simulation/settlement/data.go:30.3,30.40 1 1
github.com/marco/evociv-rl/internal/simulation/settlement/data.go:30.40,32.4 1 1
github.com/marco/evociv-rl/internal/simulation/settlement/data.go:33.3,33.39 1 1
github.com/marco/evociv-rl/internal/simulation/settlement/data.go:33.39,35.4 1 1
github.com/marco/evociv-rl/internal/simulation/settlement/data.go:36.3,36.38 1 1
github.com/marco/evociv-rl/internal/simulation/settlement/data.go:36.38,38.4 1 1
github.com/marco/evociv-rl/internal/simulation/settlement/data.go:39.3,39.39 1 1
github.com/marco/evociv-rl/internal/simulation/settlement/data.go:39.39,40.24 1 1
github.com/marco/evociv-rl/internal/simulation/settlement/data.go:40.24,41.33 1 1
github.com/marco/evociv-rl/internal/simulation/settlement/data.go:41.33,43.6 1 1
github.com/marco/evociv-rl/internal/simulation/settlement/data.go:46.3,46.42 1 1
github.com/marco/evociv-rl/internal/simulation/settlement/data.go:46.42,47.24 1 1
github.com/marco/evociv-rl/internal/simulation/settlement/data.go:47.24,48.33 1 1
github.com/marco/evociv-rl/internal/simulation/settlement/data.go:48.33,50.6 1 1
github.com/marco/evociv-rl/internal/simulation/settlement/data.go:53.3,53.48 1 1
github.com/marco/evociv-rl/internal/simulation/settlement/data.go:53.48,55.4 1 1
github.com/marco/evociv-rl/internal/simulation/settlement/data.go:56.3,56.25 1 1
github.com/marco/evociv-rl/internal/simulation/settlement/data.go:58.2,58.18 1 1
github.com/marco/evociv-rl/internal/simulation/settlement/data.go:62.72,64.9 2 1
github.com/marco/evociv-rl/internal/simulation/settlement/data.go:64.9,66.3 1 1
github.com/marco/evociv-rl/internal/simulation/settlement/data.go:68.2,69.27 2 1
github.com/marco/evociv-rl/internal/simulation/settlement/data.go:69.27,71.10 2 1
github.com/marco/evociv-rl/internal/simulation/settlement/data.go:71.10,72.12 1 0
github.com/marco/evociv-rl/internal/simulation/settlement/data.go:74.3,75.36 2 1
github.com/marco/evociv-rl/internal/simulation/settlement/data.go:75.36,77.4 1 1
github.com/marco/evociv-rl/internal/simulation/settlement/data.go:78.3,78.38 1 1
github.com/marco/evociv-rl/internal/simulation/settlement/data.go:78.38,80.4 1 1
github.com/marco/evociv-rl/internal/simulation/settlement/data.go:81.3,81.25 1 1
github.com/marco/evociv-rl/internal/simulation/settlement/data.go:83.2,83.18 1 1
github.com/marco/evociv-rl/internal/simulation/settlement/data.go:87.95,90.33 2 1
github.com/marco/evociv-rl/internal/simulation/settlement/data.go:90.33,92.3 1 1
github.com/marco/evociv-rl/internal/simulation/settlement/data.go:94.2,95.35 2 1
github.com/marco/evociv-rl/internal/simulation/settlement/data.go:95.35,97.33 2 1
github.com/marco/evociv-rl/internal/simulation/settlement/data.go:97.33,98.23 1 1
github.com/marco/evociv-rl/internal/simulation/settlement/data.go:98.23,100.5 1 1
github.com/marco/evociv-rl/internal/simulation/settlement/data.go:104.2,104.38 1 1
github.com/marco/evociv-rl/internal/simulation/settlement/data.go:104.38,106.3 1 1
github.com/marco/evociv-rl/internal/simulation/settlement/data.go:108.2,108.12 1 1
github.com/marco/evociv-rl/internal/simulation/settlement/data.go:111.39,112.25 1 1
github.com/marco/evociv-rl/internal/simulation/settlement/data.go:113.15,114.19 1 1
github.com/marco/evociv-rl/internal/simulation/settlement/data.go:115.11,116.28 1 0
github.com/marco/evociv-rl/internal/simulation/settlement/data.go:117.13,118.28 1 0
github.com/marco/evociv-rl/internal/simulation/settlement/data.go:119.10,120.18 1 0
github.com/marco/evociv-rl/internal/simulation/settlement/data.go:124.31,125.25 1 1
github.com/marco/evociv-rl/internal/simulation/settlement/data.go:126.11,127.19 1 1
github.com/marco/evociv-rl/internal/simulation/settlement/data.go:128.13,129.24 1 0
github.com/marco/evociv-rl/internal/simulation/settlement/data.go:130.15,131.24 1 0
github.com/marco/evociv-rl/internal/simulation/settlement/data.go:132.10,133.18 1 0
github.com/marco/evociv-rl/internal/simulation/settlement/systems.go:21.146,28.2 1 1
github.com/marco/evociv-rl/internal/simulation/settlement/systems.go:31.47,31.81 1 0
github.com/marco/evociv-rl/internal/simulation/settlement/systems.go:34.72,35.15 1 1
github.com/marco/evociv-rl/internal/simulation/settlement/systems.go:35.15,37.3 1 1
github.com/marco/evociv-rl/internal/simulation/settlement/systems.go:38.2,40.47 2 1
github.com/marco/evociv-rl/internal/simulation/settlement/systems.go:40.47,42.3 1 0
github.com/marco/evociv-rl/internal/simulation/settlement/systems.go:44.2,52.35 5 1
github.com/marco/evociv-rl/internal/simulation/settlement/systems.go:52.35,54.21 2 1
github.com/marco/evociv-rl/internal/simulation/settlement/systems.go:54.21,55.12 1 0
github.com/marco/evociv-rl/internal/simulation/settlement/systems.go:58.3,60.46 3 1
github.com/marco/evociv-rl/internal/simulation/settlement/systems.go:60.46,64.19 4 1
github.com/marco/evociv-rl/internal/simulation/settlement/systems.go:64.19,65.13 1 0
github.com/marco/evociv-rl/internal/simulation/settlement/systems.go:67.4,67.54 1 1
github.com/marco/evociv-rl/internal/simulation/settlement/systems.go:67.54,68.13 1 1
github.com/marco/evociv-rl/internal/simulation/settlement/systems.go:70.4,70.53 1 1
github.com/marco/evociv-rl/internal/simulation/settlement/systems.go:70.53,71.13 1 1
github.com/marco/evociv-rl/internal/simulation/settlement/systems.go:73.4,75.9 3 1
github.com/marco/evociv-rl/internal/simulation/settlement/systems.go:77.3,77.13 1 1
github.com/marco/evociv-rl/internal/simulation/settlement/systems.go:77.13,78.12 1 1
github.com/marco/evociv-rl/internal/simulation/settlement/systems.go:82.3,101.41 7 1
github.com/marco/evociv-rl/internal/simulation/settlement/systems.go:101.41,104.30 3 1
github.com/marco/evociv-rl/internal/simulation/settlement/systems.go:104.30,105.13 1 1
github.com/marco/evociv-rl/internal/simulation/settlement/systems.go:107.4,109.81 3 1
github.com/marco/evociv-rl/internal/simulation/settlement/systems.go:113.2,113.12 1 1
github.com/marco/evociv-rl/internal/simulation/settlement/systems.go:116.82,118.25 2 1
github.com/marco/evociv-rl/internal/simulation/settlement/systems.go:118.25,120.3 1 1
github.com/marco/evociv-rl/internal/simulation/settlement/systems.go:121.2,121.16 1 1
github.com/marco/evociv-rl/internal/simulation/settlement/systems.go:121.16,123.3 1 0
github.com/marco/evociv-rl/internal/simulation/settlement/systems.go:124.2,126.22 3 1
github.com/marco/evociv-rl/internal/simulation/settlement/systems.go:126.22,128.26 2 1
github.com/marco/evociv-rl/internal/simulation/settlement/systems.go:128.26,130.4 1 1
github.com/marco/evociv-rl/internal/simulation/settlement/systems.go:132.2,132.27 1 0
github.com/marco/evociv-rl/internal/simulation/settlement/systems.go:135.59,136.28 1 1
github.com/marco/evociv-rl/internal/simulation/settlement/systems.go:136.28,137.17 1 1
github.com/marco/evociv-rl/internal/simulation/settlement/systems.go:137.17,139.4 1 1
github.com/marco/evociv-rl/internal/simulation/settlement/systems.go:141.2,141.14 1 1
github.com/marco/evociv-rl/internal/simulation/settlement/systems.go:144.73,145.29 1 1
github.com/marco/evociv-rl/internal/simulation/settlement/systems.go:145.29,149.16 4 1
github.com/marco/evociv-rl/internal/simulation/settlement/systems.go:149.16,151.4 1 1
github.com/marco/evociv-rl/internal/simulation/settlement/systems.go:152.3,152.30 1 1
github.com/marco/evociv-rl/internal/simulation/settlement/systems.go:152.30,154.4 1 1
github.com/marco/evociv-rl/internal/simulation/settlement/systems.go:156.2,156.13 1 1
github.com/marco/evociv-rl/internal/simulation/settlement/systems.go:159.69,164.2 4 1
github.com/marco/evociv-rl/internal/simulation/settlement/systems.go:166.51,167.25 1 1
github.com/marco/evociv-rl/internal/simulation/settlement/systems.go:167.25,169.3 1 0
github.com/marco/evociv-rl/internal/simulation/settlement/systems.go:170.2,170.22 1 1
github.com/marco/evociv-rl/internal/simulation/settlement/systems.go:173.37,174.12 1 1
github.com/marco/evociv-rl/internal/simulation/settlement/systems.go:175.15,176.16 1 1
github.com/marco/evociv-rl/internal/simulation/settlement/systems.go:177.14,178.18 1 1
github.com/marco/evociv-rl/internal/simulation/settlement/systems.go:179.16,180.19 1 1
github.com/marco/evociv-rl/internal/simulation/settlement/systems.go:181.16,182.19 1 1
github.com/marco/evociv-rl/internal/simulation/settlement/systems.go:183.16,184.18 1 1
github.com/marco/evociv-rl/internal/simulation/settlement/systems.go:185.20,186.20 1 1
github.com/marco/evociv-rl/internal/simulation/settlement/systems.go:187.10,188.12 1 0
github.com/marco/evociv-rl/internal/simulation/settlement/systems.go:198.58,200.2 1 0
github.com/marco/evociv-rl/internal/simulation/settlement/systems.go:203.48,203.83 1 0
github.com/marco/evociv-rl/internal/simulation/settlement/systems.go:206.73,210.21 4 0
github.com/marco/evociv-rl/internal/simulation/settlement/systems.go:210.21,212.3 1 0
github.com/marco/evociv-rl/internal/simulation/settlement/systems.go:214.2,214.37 1 0
github.com/marco/evociv-rl/internal/simulation/settlement/systems.go:214.37,216.10 2 0
github.com/marco/evociv-rl/internal/simulation/settlement/systems.go:216.10,217.12 1 0
github.com/marco/evociv-rl/internal/simulation/settlement/systems.go:219.3,226.5 1 0
github.com/marco/evociv-rl/internal/simulation/settlement/systems.go:228.2,228.12 1 0
github.com/marco/evociv-rl/internal/simulation/settlement/systems.go:232.71,234.2 1 0
github.com/marco/evociv-rl/internal/ecs/component.go:19.46,21.40 2 1
github.com/marco/evociv-rl/internal/ecs/component.go:21.40,24.3 2 1
github.com/marco/evociv-rl/internal/ecs/component.go:25.2,29.40 4 1
github.com/marco/evociv-rl/internal/ecs/component.go:29.40,31.3 1 0
github.com/marco/evociv-rl/internal/ecs/component.go:32.2,34.11 3 1
github.com/marco/evociv-rl/internal/ecs/component_store.go:9.52,13.2 1 1
github.com/marco/evociv-rl/internal/ecs/component_store.go:16.54,19.2 2 1
github.com/marco/evociv-rl/internal/ecs/component_store.go:22.49,24.2 1 1
github.com/marco/evociv-rl/internal/ecs/component_store.go:27.47,29.2 1 1
github.com/marco/evociv-rl/internal/ecs/component_store.go:32.49,35.2 2 1
github.com/marco/evociv-rl/internal/ecs/component_store.go:38.40,40.2 1 1
github.com/marco/evociv-rl/internal/ecs/component_store.go:43.49,45.34 2 1
github.com/marco/evociv-rl/internal/ecs/component_store.go:45.34,47.3 1 1
github.com/marco/evociv-rl/internal/ecs/component_store.go:48.2,48.12 1 1
github.com/marco/evociv-rl/internal/ecs/system.go:15.40,19.2 1 1
github.com/marco/evociv-rl/internal/ecs/system.go:22.46,24.2 1 1
github.com/marco/evociv-rl/internal/ecs/system.go:27.45,31.2 3 1
github.com/marco/evociv-rl/internal/ecs/system.go:34.64,35.31 1 1
github.com/marco/evociv-rl/internal/ecs/system.go:35.31,36.41 1 1
github.com/marco/evociv-rl/internal/ecs/system.go:36.41,38.4 1 0
github.com/marco/evociv-rl/internal/ecs/system.go:40.2,40.12 1 1
github.com/marco/evociv-rl/internal/ecs/world.go:18.24,25.2 1 1
github.com/marco/evociv-rl/internal/ecs/world.go:28.36,32.2 3 1
github.com/marco/evociv-rl/internal/ecs/world.go:35.88,39.2 3 1
github.com/marco/evociv-rl/internal/ecs/world.go:42.46,44.2 1 1
github.com/marco/evociv-rl/internal/ecs/world.go:47.51,51.9 4 1
github.com/marco/evociv-rl/internal/ecs/world.go:51.9,52.41 1 0
github.com/marco/evociv-rl/internal/ecs/world.go:54.2,55.9 2 1
github.com/marco/evociv-rl/internal/ecs/world.go:55.9,56.41 1 0
github.com/marco/evociv-rl/internal/ecs/world.go:58.2,58.17 1 1
github.com/marco/evociv-rl/internal/ecs/world.go:62.56,66.9 4 1
github.com/marco/evociv-rl/internal/ecs/world.go:66.9,68.3 1 0
github.com/marco/evociv-rl/internal/ecs/world.go:69.2,70.9 2 1
github.com/marco/evociv-rl/internal/ecs/world.go:70.9,72.3 1 0
github.com/marco/evociv-rl/internal/ecs/world.go:73.2,73.21 1 1
github.com/marco/evociv-rl/internal/ecs/world.go:77.40,78.33 1 1
github.com/marco/evociv-rl/internal/ecs/world.go:78.33,79.28 1 1
github.com/marco/evociv-rl/internal/ecs/world.go:80.34,81.15 1 1
github.com/marco/evociv-rl/internal/ecs/world.go:82.30,83.15 1 1
github.com/marco/evociv-rl/internal/ecs/world.go:84.30,85.15 1 0
github.com/marco/evociv-rl/internal/ecs/world.go:86.11,90.19 3 0
github.com/marco/evociv-rl/internal/ecs/world.go:90.19,92.5 1 0
github.com/marco/evociv-rl/internal/ecs/world.go:95.2,95.33 1 1
github.com/marco/evociv-rl/internal/ecs/world.go:95.33,96.15 1 1
github.com/marco/evociv-rl/internal/ecs/world.go:96.15,98.9 2 1
github.com/marco/evociv-rl/internal/ecs/world.go:104.37,108.2 3 1
github.com/marco/evociv-rl/internal/ecs/world.go:111.37,113.2 1 1
github.com/marco/evociv-rl/internal/ecs/world.go:116.36,118.2 1 0
github.com/marco/evociv-rl/internal/ecs/world.go:121.42,123.2 1 1
github.com/marco/evociv-rl/internal/world/worldmap.go:5.38,11.2 1 1
github.com/marco/evociv-rl/internal/world/worldmap.go:14.43,15.23 1 1
github.com/marco/evociv-rl/internal/world/worldmap.go:15.23,17.3 1 1
github.com/marco/evociv-rl/internal/world/worldmap.go:18.2,18.30 1 1
github.com/marco/evociv-rl/internal/world/worldmap.go:22.44,24.2 1 1
github.com/marco/evociv-rl/internal/simulation/goap/planner.go:25.63,26.23 1 1
github.com/marco/evociv-rl/internal/simulation/goap/planner.go:26.23,28.3 1 1
github.com/marco/evociv-rl/internal/simulation/goap/planner.go:30.2,36.34 5 1
github.com/marco/evociv-rl/internal/simulation/goap/planner.go:36.34,39.3 2 1
github.com/marco/evociv-rl/internal/simulation/goap/planner.go:41.2,43.33 2 1
github.com/marco/evociv-rl/internal/simulation/goap/planner.go:43.33,44.39 1 1
github.com/marco/evociv-rl/internal/simulation/goap/planner.go:44.39,45.12 1 1
github.com/marco/evociv-rl/internal/simulation/goap/planner.go:47.3,47.61 1 1
github.com/marco/evociv-rl/internal/simulation/goap/planner.go:47.61,48.12 1 0
github.com/marco/evociv-rl/internal/simulation/goap/planner.go:51.3,53.15 2 1
github.com/marco/evociv-rl/internal/simulation/goap/planner.go:53.15,56.59 1 1
github.com/marco/evociv-rl/internal/simulation/goap/planner.go:56.59,58.5 1 1
github.com/marco/evociv-rl/internal/simulation/goap/planner.go:59.9,61.22 1 1
github.com/marco/evociv-rl/internal/simulation/goap/planner.go:62.18,63.32 1 1
github.com/marco/evociv-rl/internal/simulation/goap/planner.go:63.32,65.6 1 1
github.com/marco/evociv-rl/internal/simulation/goap/planner.go:66.19,67.33 1 1
github.com/marco/evociv-rl/internal/simulation/goap/planner.go:67.33,69.6 1 1
github.com/marco/evociv-rl/internal/simulation/goap/planner.go:73.3,73.24 1 1
github.com/marco/evociv-rl/internal/simulation/goap/planner.go:73.24,76.4 2 1
github.com/marco/evociv-rl/internal/simulation/goap/planner.go:79.2,79.13 1 1
github.com/marco/evociv-rl/internal/simulation/goap/planner.go:82.57,83.29 1 1
github.com/marco/evociv-rl/internal/simulation/goap/planner.go:83.29,85.3 1 1
github.com/marco/evociv-rl/internal/simulation/goap/planner.go:86.2,86.34 1 1
github.com/marco/evociv-rl/internal/simulation/goap/planner.go:86.34,87.17 1 1
github.com/marco/evociv-rl/internal/simulation/goap/planner.go:87.17,89.4 1 1
github.com/marco/evociv-rl/internal/simulation/goap/planner.go:91.2,91.14 1 1
github.com/marco/evociv-rl/internal/simulation/goap/planner.go:94.47,95.60 1 1
github.com/marco/evociv-rl/internal/simulation/goap/planner.go:95.60,97.3 1 0
github.com/marco/evociv-rl/internal/simulation/goap/planner.go:98.2,98.64 1 1
github.com/marco/evociv-rl/internal/simulation/goap/planner.go:98.64,100.3 1 0
github.com/marco/evociv-rl/internal/simulation/goap/planner.go:101.2,101.13 1 1
github.com/marco/evociv-rl/internal/simulation/npc/components.go:34.49,42.2 1 1
github.com/marco/evociv-rl/internal/simulation/npc/components.go:44.67,47.2 2 1
github.com/marco/evociv-rl/internal/simulation/npc/components.go:92.35,102.2 9 1
github.com/marco/evociv-rl/internal/simulation/npc/data.go:10.63,12.9 2 1
github.com/marco/evociv-rl/internal/simulation/npc/data.go:12.9,14.3 1 1
github.com/marco/evociv-rl/internal/simulation/npc/data.go:16.2,17.27 2 1
github.com/marco/evociv-rl/internal/simulation/npc/data.go:17.27,19.10 2 1
github.com/marco/evociv-rl/internal/simulation/npc/data.go:19.10,20.12 1 0
github.com/marco/evociv-rl/internal/simulation/npc/data.go:22.3,23.36 2 1
github.com/marco/evociv-rl/internal/simulation/npc/data.go:23.36,25.4 1 1
github.com/marco/evociv-rl/internal/simulation/npc/data.go:26.3,26.38 1 1
github.com/marco/evociv-rl/internal/simulation/npc/data.go:26.38,28.4 1 1
github.com/marco/evociv-rl/internal/simulation/npc/data.go:29.3,29.45 1 1
github.com/marco/evociv-rl/internal/simulation/npc/data.go:29.45,31.4 1 1
github.com/marco/evociv-rl/internal/simulation/npc/data.go:32.3,32.48 1 1
github.com/marco/evociv-rl/internal/simulation/npc/data.go:32.48,34.4 1 1
github.com/marco/evociv-rl/internal/simulation/npc/data.go:35.3,35.48 1 1
github.com/marco/evociv-rl/internal/simulation/npc/data.go:35.48,37.4 1 1
github.com/marco/evociv-rl/internal/simulation/npc/data.go:38.3,38.38 1 1
github.com/marco/evociv-rl/internal/simulation/npc/data.go:38.38,40.4 1 1
github.com/marco/evociv-rl/internal/simulation/npc/data.go:41.3,41.51 1 1
github.com/marco/evociv-rl/internal/simulation/npc/data.go:41.51,43.4 1 1
github.com/marco/evociv-rl/internal/simulation/npc/data.go:44.3,44.27 1 1
github.com/marco/evociv-rl/internal/simulation/npc/data.go:46.2,46.19 1 1
github.com/marco/evociv-rl/internal/simulation/npc/data.go:50.63,52.9 2 1
github.com/marco/evociv-rl/internal/simulation/npc/data.go:52.9,54.3 1 1
github.com/marco/evociv-rl/internal/simulation/npc/data.go:56.2,57.27 2 1
github.com/marco/evociv-rl/internal/simulation/npc/data.go:57.27,59.10 2 1
github.com/marco/evociv-rl/internal/simulation/npc/data.go:59.10,60.12 1 0
github.com/marco/evociv-rl/internal/simulation/npc/data.go:62.3,63.36 2 1
github.com/marco/evociv-rl/internal/simulation/npc/data.go:63.36,65.4 1 1
github.com/marco/evociv-rl/internal/simulation/npc/data.go:66.3,66.40 1 1
github.com/marco/evociv-rl/internal/simulation/npc/data.go:66.40,68.4 1 1
github.com/marco/evociv-rl/internal/simulation/npc/data.go:69.3,69.39 1 1
github.com/marco/evociv-rl/internal/simulation/npc/data.go:69.39,71.4 1 1
github.com/marco/evociv-rl/internal/simulation/npc/data.go:72.3,72.39 1 1
github.com/marco/evociv-rl/internal/simulation/npc/data.go:72.39,73.24 1 1
github.com/marco/evociv-rl/internal/simulation/npc/data.go:73.24,74.33 1 1
github.com/marco/evociv-rl/internal/simulation/npc/data.go:74.33,76.6 1 1
github.com/marco/evociv-rl/internal/simulation/npc/data.go:79.3,79.27 1 1
github.com/marco/evociv-rl/internal/simulation/npc/data.go:81.2,81.19 1 1
github.com/marco/evociv-rl/internal/simulation/npc/data.go:84.56,86.26 2 1
github.com/marco/evociv-rl/internal/simulation/npc/data.go:86.26,88.10 2 1
github.com/marco/evociv-rl/internal/simulation/npc/data.go:88.10,89.12 1 0
github.com/marco/evociv-rl/internal/simulation/npc/data.go:91.3,92.41 2 1
github.com/marco/evociv-rl/internal/simulation/npc/data.go:92.41,94.4 1 1
github.com/marco/evociv-rl/internal/simulation/npc/data.go:95.3,95.40 1 1
github.com/marco/evociv-rl/internal/simulation/npc/data.go:95.40,97.4 1 1
github.com/marco/evociv-rl/internal/simulation/npc/data.go:98.3,98.16 1 1
github.com/marco/evociv-rl/internal/simulation/npc/data.go:100.2,100.12 1 1
github.com/marco/evociv-rl/internal/simulation/npc/data.go:103.47,105.27 2 1
github.com/marco/evociv-rl/internal/simulation/npc/data.go:105.27,107.10 2 1
github.com/marco/evociv-rl/internal/simulation/npc/data.go:107.10,108.12 1 0
github.com/marco/evociv-rl/internal/simulation/npc/data.go:110.3,111.36 2 1
github.com/marco/evociv-rl/internal/simulation/npc/data.go:111.36,113.4 1 1
github.com/marco/evociv-rl/internal/simulation/npc/data.go:114.3,114.42 1 1
github.com/marco/evociv-rl/internal/simulation/npc/data.go:114.42,116.4 1 1
github.com/marco/evociv-rl/internal/simulation/npc/data.go:117.3,117.24 1 1
github.com/marco/evociv-rl/internal/simulation/npc/data.go:119.2,119.12 1 1
github.com/marco/evociv-rl/internal/simulation/npc/data.go:122.47,124.37 2 1
github.com/marco/evociv-rl/internal/simulation/npc/data.go:124.37,125.23 1 1
github.com/marco/evociv-rl/internal/simulation/npc/data.go:125.23,126.33 1 1
github.com/marco/evociv-rl/internal/simulation/npc/data.go:126.33,128.5 1 1
github.com/marco/evociv-rl/internal/simulation/npc/data.go:131.2,131.36 1 1
github.com/marco/evociv-rl/internal/simulation/npc/data.go:131.36,132.23 1 1
github.com/marco/evociv-rl/internal/simulation/npc/data.go:132.23,133.33 1 1
github.com/marco/evociv-rl/internal/simulation/npc/data.go:133.33,135.5 1 1
github.com/marco/evociv-rl/internal/simulation/npc/data.go:138.2,138.11 1 1
github.com/marco/evociv-rl/internal/simulation/npc/data.go:142.64,144.9 2 1
github.com/marco/evociv-rl/internal/simulation/npc/data.go:144.9,146.3 1 1
github.com/marco/evociv-rl/internal/simulation/npc/data.go:148.2,149.27 2 1
github.com/marco/evociv-rl/internal/simulation/npc/data.go:149.27,151.10 2 1
github.com/marco/evociv-rl/internal/simulation/npc/data.go:151.10,152.12 1 0
github.com/marco/evociv-rl/internal/simulation/npc/data.go:154.3,155.36 2 1
github.com/marco/evociv-rl/internal/simulation/npc/data.go:155.36,157.4 1 1
github.com/marco/evociv-rl/internal/simulation/npc/data.go:158.3,158.38 1 1
github.com/marco/evociv-rl/internal/simulation/npc/data.go:158.38,160.4 1 1
github.com/marco/evociv-rl/internal/simulation/npc/data.go:161.3,161.50 1 1
github.com/marco/evociv-rl/internal/simulation/npc/data.go:161.50,163.4 1 1
github.com/marco/evociv-rl/internal/simulation/npc/data.go:164.3,164.49 1 1
github.com/marco/evociv-rl/internal/simulation/npc/data.go:164.49,166.4 1 1
github.com/marco/evociv-rl/internal/simulation/npc/data.go:167.3,167.48 1 1
github.com/marco/evociv-rl/internal/simulation/npc/data.go:167.48,169.4 1 1
github.com/marco/evociv-rl/internal/simulation/npc/data.go:170.3,170.31 1 1
github.com/marco/evociv-rl/internal/simulation/npc/data.go:172.2,172.21 1 1
github.com/marco/evociv-rl/internal/simulation/npc/data.go:175.59,177.38 2 1
github.com/marco/evociv-rl/internal/simulation/npc/data.go:177.38,178.23 1 1
github.com/marco/evociv-rl/internal/simulation/npc/data.go:178.23,179.32 1 1
github.com/marco/evociv-rl/internal/simulation/npc/data.go:179.32,181.5 1 1
github.com/marco/evociv-rl/internal/simulation/npc/data.go:184.2,184.50 1 1
github.com/marco/evociv-rl/internal/simulation/npc/data.go:184.50,186.3 1 1
github.com/marco/evociv-rl/internal/simulation/npc/data.go:187.2,187.50 1 1
github.com/marco/evociv-rl/internal/simulation/npc/data.go:187.50,189.3 1 1
github.com/marco/evociv-rl/internal/simulation/npc/data.go:190.2,190.10 1 1
github.com/marco/evociv-rl/internal/simulation/npc/data.go:193.57,195.48 2 1
github.com/marco/evociv-rl/internal/simulation/npc/data.go:195.48,197.3 1 1
github.com/marco/evociv-rl/internal/simulation/npc/data.go:198.2,198.49 1 1
github.com/marco/evociv-rl/internal/simulation/npc/data.go:198.49,200.3 1 1
github.com/marco/evociv-rl/internal/simulation/npc/data.go:201.2,201.10 1 1
github.com/marco/evociv-rl/internal/simulation/npc/data.go:204.55,206.39 2 1
github.com/marco/evociv-rl/internal/simulation/npc/data.go:206.39,208.3 1 1
github.com/marco/evociv-rl/internal/simulation/npc/data.go:209.2,209.10 1 1
github.com/marco/evociv-rl/internal/simulation/npc/data.go:212.53,214.41 2 1
github.com/marco/evociv-rl/internal/simulation/npc/data.go:214.41,216.3 1 1
github.com/marco/evociv-rl/internal/simulation/npc/data.go:217.2,217.42 1 1
github.com/marco/evociv-rl/internal/simulation/npc/data.go:217.42,219.3 1 1
github.com/marco/evociv-rl/internal/simulation/npc/data.go:220.2,220.11 1 1
github.com/marco/evociv-rl/internal/simulation/npc/data.go:223.39,224.25 1 1
github.com/marco/evociv-rl/internal/simulation/npc/data.go:225.15,226.19 1 1
github.com/marco/evociv-rl/internal/simulation/npc/data.go:227.11,228.28 1 0
github.com/marco/evociv-rl/internal/simulation/npc/data.go:229.13,230.28 1 0
github.com/marco/evociv-rl/internal/simulation/npc/data.go:231.10,232.18 1 0
github.com/marco/evociv-rl/internal/simulation/npc/spawner.go:14.40,15.15 1 1
github.com/marco/evociv-rl/internal/simulation/npc/spawner.go:16.26,17.13 1 1
github.com/marco/evociv-rl/internal/simulation/npc/spawner.go:18.26,19.13 1 1
github.com/marco/evociv-rl/internal/simulation/npc/spawner.go:20.25,21.13 1 1
github.com/marco/evociv-rl/internal/simulation/npc/spawner.go:22.10,23.13 1 0
github.com/marco/evociv-rl/internal/simulation/npc/spawner.go:37.157,39.16 2 1
github.com/marco/evociv-rl/internal/simulation/npc/spawner.go:39.16,42.17 3 1
github.com/marco/evociv-rl/internal/simulation/npc/spawner.go:42.17,44.4 1 1
github.com/marco/evociv-rl/internal/simulation/npc/spawner.go:45.3,45.18 1 1
github.com/marco/evociv-rl/internal/simulation/npc/spawner.go:45.18,47.4 1 0
github.com/marco/evociv-rl/internal/simulation/npc/spawner.go:50.2,54.30 3 1
github.com/marco/evociv-rl/internal/simulation/npc/spawner.go:54.30,56.3 1 1
github.com/marco/evociv-rl/internal/simulation/npc/spawner.go:59.2,60.29 2 1
github.com/marco/evociv-rl/internal/simulation/npc/spawner.go:60.29,62.3 1 1
github.com/marco/evociv-rl/internal/simulation/npc/spawner.go:64.2,65.9 2 1
github.com/marco/evociv-rl/internal/simulation/npc/spawner.go:65.9,67.3 1 0
github.com/marco/evociv-rl/internal/simulation/npc/spawner.go:70.2,73.32 4 1
github.com/marco/evociv-rl/internal/simulation/npc/spawner.go:73.32,74.37 1 1
github.com/marco/evociv-rl/internal/simulation/npc/spawner.go:74.37,76.4 1 0
github.com/marco/evociv-rl/internal/simulation/npc/spawner.go:79.2,79.29 1 1
github.com/marco/evociv-rl/internal/simulation/npc/spawner.go:79.29,82.18 2 1
github.com/marco/evociv-rl/internal/simulation/npc/spawner.go:82.18,83.12 1 0
github.com/marco/evociv-rl/internal/simulation/npc/spawner.go:87.3,88.24 2 1
github.com/marco/evociv-rl/internal/simulation/npc/spawner.go:88.24,89.12 1 0
github.com/marco/evociv-rl/internal/simulation/npc/spawner.go:93.3,94.10 2 1
github.com/marco/evociv-rl/internal/simulation/npc/spawner.go:94.10,95.12 1 1
github.com/marco/evociv-rl/internal/simulation/npc/spawner.go:99.3,103.43 4 1
github.com/marco/evociv-rl/internal/simulation/npc/spawner.go:103.43,105.27 2 1
github.com/marco/evociv-rl/internal/simulation/npc/spawner.go:105.27,113.19 6 1
github.com/marco/evociv-rl/internal/simulation/npc/spawner.go:113.19,115.6 1 0
github.com/marco/evociv-rl/internal/simulation/npc/spawner.go:116.5,118.57 3 1
github.com/marco/evociv-rl/internal/simulation/npc/spawner.go:118.57,123.6 4 1
github.com/marco/evociv-rl/internal/simulation/npc/spawner.go:128.3,128.13 1 1
github.com/marco/evociv-rl/internal/simulation/npc/spawner.go:128.13,129.47 1 1
github.com/marco/evociv-rl/internal/simulation/npc/spawner.go:129.47,133.20 4 1
github.com/marco/evociv-rl/internal/simulation/npc/spawner.go:133.20,134.14 1 0
github.com/marco/evociv-rl/internal/simulation/npc/spawner.go:136.5,137.17 2 1
github.com/marco/evociv-rl/internal/simulation/npc/spawner.go:137.17,138.14 1 1
github.com/marco/evociv-rl/internal/simulation/npc/spawner.go:140.5,140.55 1 1
github.com/marco/evociv-rl/internal/simulation/npc/spawner.go:140.55,141.14 1 0
github.com/marco/evociv-rl/internal/simulation/npc/spawner.go:143.5,143.28 1 1
github.com/marco/evociv-rl/internal/simulation/npc/spawner.go:143.28,144.14 1 1
github.com/marco/evociv-rl/internal/simulation/npc/spawner.go:146.5,146.35 1 1
github.com/marco/evociv-rl/internal/simulation/npc/spawner.go:146.35,147.14 1 1
github.com/marco/evociv-rl/internal/simulation/npc/spawner.go:149.5,151.10 3 1
github.com/marco/evociv-rl/internal/simulation/npc/spawner.go:154.3,154.13 1 1
github.com/marco/evociv-rl/internal/simulation/npc/spawner.go:154.13,155.12 1 1
github.com/marco/evociv-rl/internal/simulation/npc/spawner.go:159.3,175.30 11 1
github.com/marco/evociv-rl/internal/simulation/npc/spawner.go:175.30,177.4 1 1
github.com/marco/evociv-rl/internal/simulation/npc/spawner.go:180.2,180.12 1 1
github.com/marco/evociv-rl/internal/simulation/npc/spawner.go:183.167,185.32 2 1
github.com/marco/evociv-rl/internal/simulation/npc/spawner.go:185.32,187.10 2 1
github.com/marco/evociv-rl/internal/simulation/npc/spawner.go:187.10,188.12 1 0
github.com/marco/evociv-rl/internal/simulation/npc/spawner.go:191.3,192.26 2 1
github.com/marco/evociv-rl/internal/simulation/npc/spawner.go:192.26,193.12 1 1
github.com/marco/evociv-rl/internal/simulation/npc/spawner.go:196.3,196.51 1 1
github.com/marco/evociv-rl/internal/simulation/npc/spawner.go:196.51,198.36 2 1
github.com/marco/evociv-rl/internal/simulation/npc/spawner.go:198.36,199.33 1 1
github.com/marco/evociv-rl/internal/simulation/npc/spawner.go:199.33,200.16 1 1
github.com/marco/evociv-rl/internal/simulation/npc/spawner.go:200.16,202.12 2 1
github.com/marco/evociv-rl/internal/simulation/npc/spawner.go:205.5,205.20 1 1
github.com/marco/evociv-rl/internal/simulation/npc/spawner.go:205.20,206.11 1 1
github.com/marco/evociv-rl/internal/simulation/npc/spawner.go:209.4,209.20 1 1
github.com/marco/evociv-rl/internal/simulation/npc/spawner.go:209.20,210.13 1 0
github.com/marco/evociv-rl/internal/simulation/npc/spawner.go:212.9,212.32 1 0
github.com/marco/evociv-rl/internal/simulation/npc/spawner.go:212.32,214.51 1 0
github.com/marco/evociv-rl/internal/simulation/npc/spawner.go:214.51,215.13 1 0
github.com/marco/evociv-rl/internal/simulation/npc/spawner.go:219.3,219.38 1 1
github.com/marco/evociv-rl/internal/simulation/npc/spawner.go:221.2,221.19 1 1
github.com/marco/evociv-rl/internal/simulation/npc/spawner.go:224.78,225.22 1 1
github.com/marco/evociv-rl/internal/simulation/npc/spawner.go:225.22,227.3 1 0
github.com/marco/evociv-rl/internal/simulation/npc/spawner.go:228.2,230.23 3 1
github.com/marco/evociv-rl/internal/simulation/npc/spawner.go:230.23,232.26 2 1
github.com/marco/evociv-rl/internal/simulation/npc/spawner.go:232.26,234.4 1 1
github.com/marco/evociv-rl/internal/simulation/npc/spawner.go:236.2,236.29 1 0
github.com/marco/evociv-rl/internal/simulation/npc/spawner.go:239.69,241.26 2 1
github.com/marco/evociv-rl/internal/simulation/npc/spawner.go:241.26,243.3 1 1
github.com/marco/evociv-rl/internal/simulation/npc/spawner.go:244.2,244.16 1 1
github.com/marco/evociv-rl/internal/simulation/npc/spawner.go:244.16,246.3 1 0
github.com/marco/evociv-rl/internal/simulation/npc/spawner.go:247.2,249.23 3 1
github.com/marco/evociv-rl/internal/simulation/npc/spawner.go:249.23,251.26 2 1
github.com/marco/evociv-rl/internal/simulation/npc/spawner.go:251.26,253.4 1 1
github.com/marco/evociv-rl/internal/simulation/npc/spawner.go:255.2,255.29 1 0
github.com/marco/evociv-rl/internal/simulation/npc/spawner.go:258.59,259.28 1 1
github.com/marco/evociv-rl/internal/simulation/npc/spawner.go:259.28,260.17 1 1
github.com/marco/evociv-rl/internal/simulation/npc/spawner.go:260.17,262.4 1 1
github.com/marco/evociv-rl/internal/simulation/npc/spawner.go:264.2,264.14 1 1
github.com/marco/evociv-rl/internal/simulation/npc/spawner.go:267.73,268.32 1 1
github.com/marco/evociv-rl/internal/simulation/npc/spawner.go:268.32,269.37 1 1
github.com/marco/evociv-rl/internal/simulation/npc/spawner.go:269.37,271.4 1 1
github.com/marco/evociv-rl/internal/simulation/npc/spawner.go:273.2,273.14 1 1
github.com/marco/evociv-rl/internal/simulation/npc/spawner.go:276.57,278.25 2 1
github.com/marco/evociv-rl/internal/simulation/npc/spawner.go:278.25,280.3 1 1
github.com/marco/evociv-rl/internal/simulation/npc/spawner.go:281.2,282.24 2 1
github.com/marco/evociv-rl/internal/simulation/npc/spawner.go:282.24,284.3 1 1
github.com/marco/evociv-rl/internal/simulation/npc/spawner.go:285.2,285.16 1 1
github.com/marco/evociv-rl/internal/simulation/npc/spawner.go:285.16,287.3 1 1
github.com/marco/evociv-rl/internal/simulation/npc/spawner.go:288.2,288.14 1 0
github.com/marco/evociv-rl/internal/simulation/npc/systems.go:28.132,36.2 1 1
github.com/marco/evociv-rl/internal/simulation/npc/systems.go:39.40,39.67 1 0
github.com/marco/evociv-rl/internal/simulation/npc/systems.go:42.65,43.15 1 1
github.com/marco/evociv-rl/internal/simulation/npc/systems.go:43.15,45.3 1 1
github.com/marco/evociv-rl/internal/simulation/npc/systems.go:46.2,51.27 4 1
github.com/marco/evociv-rl/internal/simulation/npc/systems.go:51.27,52.33 1 0
github.com/marco/evociv-rl/internal/simulation/npc/systems.go:52.33,54.4 1 0
github.com/marco/evociv-rl/internal/simulation/npc/systems.go:57.2,57.85 1 1
github.com/marco/evociv-rl/internal/simulation/npc/systems.go:68.92,70.30 2 1
github.com/marco/evociv-rl/internal/simulation/npc/systems.go:70.30,72.3 1 1
github.com/marco/evociv-rl/internal/simulation/npc/systems.go:73.2,73.52 1 1
github.com/marco/evociv-rl/internal/simulation/npc/systems.go:77.38,77.63 1 0
github.com/marco/evociv-rl/internal/simulation/npc/systems.go:80.63,86.58 5 1
github.com/marco/evociv-rl/internal/simulation/npc/systems.go:86.58,88.3 1 0
github.com/marco/evociv-rl/internal/simulation/npc/systems.go:90.2,90.37 1 1
github.com/marco/evociv-rl/internal/simulation/npc/systems.go:90.37,91.26 1 1
github.com/marco/evociv-rl/internal/simulation/npc/systems.go:91.26,92.12 1 0
github.com/marco/evociv-rl/internal/simulation/npc/systems.go:94.3,95.10 2 1
github.com/marco/evociv-rl/internal/simulation/npc/systems.go:95.10,96.12 1 0
github.com/marco/evociv-rl/internal/simulation/npc/systems.go:98.3,99.10 2 1
github.com/marco/evociv-rl/internal/simulation/npc/systems.go:99.10,100.12 1 0
github.com/marco/evociv-rl/internal/simulation/npc/systems.go:102.3,103.10 2 1
github.com/marco/evociv-rl/internal/simulation/npc/systems.go:103.10,104.12 1 0
github.com/marco/evociv-rl/internal/simulation/npc/systems.go:107.3,108.10 2 1
github.com/marco/evociv-rl/internal/simulation/npc/systems.go:108.10,109.12 1 0
github.com/marco/evociv-rl/internal/simulation/npc/systems.go:112.3,114.24 2 1
github.com/marco/evociv-rl/internal/simulation/npc/systems.go:114.24,118.26 3 1
github.com/marco/evociv-rl/internal/simulation/npc/systems.go:118.26,119.13 1 1
github.com/marco/evociv-rl/internal/simulation/npc/systems.go:121.4,122.30 2 1
github.com/marco/evociv-rl/internal/simulation/npc/systems.go:122.30,123.13 1 0
github.com/marco/evociv-rl/internal/simulation/npc/systems.go:125.4,126.19 2 1
github.com/marco/evociv-rl/internal/simulation/npc/systems.go:126.19,127.13 1 0
github.com/marco/evociv-rl/internal/simulation/npc/systems.go:129.4,129.54 1 1
github.com/marco/evociv-rl/internal/simulation/npc/systems.go:129.54,130.13 1 1
github.com/marco/evociv-rl/internal/simulation/npc/systems.go:132.4,133.22 2 1
github.com/marco/evociv-rl/internal/simulation/npc/systems.go:134.9,144.4 8 1
github.com/marco/evociv-rl/internal/simulation/npc/systems.go:146.2,146.12 1 1
github.com/marco/evociv-rl/internal/simulation/npc/systems.go:155.59,157.2 1 1
github.com/marco/evociv-rl/internal/simulation/npc/systems.go:160.35,160.57 1 0
github.com/marco/evociv-rl/internal/simulation/npc/systems.go:163.60,167.21 4 1
github.com/marco/evociv-rl/internal/simulation/npc/systems.go:167.21,169.3 1 0
github.com/marco/evociv-rl/internal/simulation/npc/systems.go:171.2,171.37 1 1
github.com/marco/evociv-rl/internal/simulation/npc/systems.go:171.37,172.23 1 1
github.com/marco/evociv-rl/internal/simulation/npc/systems.go:172.23,173.12 1 0
github.com/marco/evociv-rl/internal/simulation/npc/systems.go:175.3,177.10 3 1
github.com/marco/evociv-rl/internal/simulation/npc/systems.go:178.18,179.20 1 1
github.com/marco/evociv-rl/internal/simulation/npc/systems.go:180.19,181.19 1 1
github.com/marco/evociv-rl/internal/simulation/npc/systems.go:182.11,183.22 1 1
github.com/marco/evociv-rl/internal/simulation/npc/systems.go:185.3,185.37 1 1
github.com/marco/evociv-rl/internal/simulation/npc/systems.go:187.2,187.12 1 1
github.com/marco/evociv-rl/internal/simulation/npc/systems.go:190.40,193.13 3 1
github.com/marco/evociv-rl/internal/simulation/npc/systems.go:193.13,195.3 1 1
github.com/marco/evociv-rl/internal/simulation/npc/systems.go:196.2,196.16 1 1
github.com/marco/evociv-rl/internal/simulation/npc/systems.go:203.46,205.2 1 1
github.com/marco/evociv-rl/internal/simulation/npc/systems.go:208.42,208.71 1 0
github.com/marco/evociv-rl/internal/simulation/npc/systems.go:211.67,214.42 3 1
github.com/marco/evociv-rl/internal/simulation/npc/systems.go:214.42,216.3 1 0
github.com/marco/evociv-rl/internal/simulation/npc/systems.go:218.2,218.41 1 1
github.com/marco/evociv-rl/internal/simulation/npc/systems.go:218.41,220.64 2 1
github.com/marco/evociv-rl/internal/simulation/npc/systems.go:220.64,222.4 1 1
github.com/marco/evociv-rl/internal/simulation/npc/systems.go:224.3,227.25 3 1
github.com/marco/evociv-rl/internal/simulation/npc/systems.go:227.25,229.4 1 1
github.com/marco/evociv-rl/internal/simulation/npc/systems.go:230.3,230.26 1 1
github.com/marco/evociv-rl/internal/simulation/npc/systems.go:230.26,232.4 1 0
github.com/marco/evociv-rl/internal/simulation/npc/systems.go:234.3,234.27 1 1
github.com/marco/evociv-rl/internal/simulation/npc/systems.go:236.2,236.12 1 1
github.com/marco/evociv-rl/internal/simulation/npc/systems.go:246.73,248.2 1 1
github.com/marco/evociv-rl/internal/simulation/npc/systems.go:251.36,251.59 1 0
github.com/marco/evociv-rl/internal/simulation/npc/systems.go:254.61,260.60 5 1
github.com/marco/evociv-rl/internal/simulation/npc/systems.go:260.60,262.3 1 0
github.com/marco/evociv-rl/internal/simulation/npc/systems.go:265.2,266.30 2 1
github.com/marco/evociv-rl/internal/simulation/npc/systems.go:266.30,276.3 1 1
github.com/marco/evociv-rl/internal/simulation/npc/systems.go:278.2,278.37 1 1
github.com/marco/evociv-rl/internal/simulation/npc/systems.go:278.37,279.26 1 1
github.com/marco/evociv-rl/internal/simulation/npc/systems.go:279.26,280.12 1 1
github.com/marco/evociv-rl/internal/simulation/npc/systems.go:282.3,283.10 2 1
github.com/marco/evociv-rl/internal/simulation/npc/systems.go:283.10,284.12 1 0
github.com/marco/evociv-rl/internal/simulation/npc/systems.go:286.3,287.10 2 1
github.com/marco/evociv-rl/internal/simulation/npc/systems.go:287.10,288.12 1 0
github.com/marco/evociv-rl/internal/simulation/npc/systems.go:290.3,291.10 2 1
github.com/marco/evociv-rl/internal/simulation/npc/systems.go:291.10,292.12 1 0
github.com/marco/evociv-rl/internal/simulation/npc/systems.go:295.3,296.18 2 1
github.com/marco/evociv-rl/internal/simulation/npc/systems.go:296.18,298.19 2 1
github.com/marco/evociv-rl/internal/simulation/npc/systems.go:298.19,300.5 1 1
github.com/marco/evociv-rl/internal/simulation/npc/systems.go:303.3,307.28 4 1
github.com/marco/evociv-rl/internal/simulation/npc/systems.go:307.28,310.4 1 1
github.com/marco/evociv-rl/internal/simulation/npc/systems.go:310.9,313.4 1 1
github.com/marco/evociv-rl/internal/simulation/npc/systems.go:314.3,314.21 1 1
github.com/marco/evociv-rl/internal/simulation/npc/systems.go:316.2,316.12 1 1
github.com/marco/evociv-rl/internal/simulation/npc/systems.go:328.99,335.2 1 1
github.com/marco/evociv-rl/internal/simulation/npc/systems.go:338.41,338.69 1 0
github.com/marco/evociv-rl/internal/simulation/npc/systems.go:341.47,343.2 1 0
github.com/marco/evociv-rl/internal/simulation/npc/systems.go:346.66,352.60 5 1
github.com/marco/evociv-rl/internal/simulation/npc/systems.go:352.60,354.3 1 0
github.com/marco/evociv-rl/internal/simulation/npc/systems.go:356.2,356.37 1 1
github.com/marco/evociv-rl/internal/simulation/npc/systems.go:356.37,357.26 1 1
github.com/marco/evociv-rl/internal/simulation/npc/systems.go:357.26,358.12 1 1
github.com/marco/evociv-rl/internal/simulation/npc/systems.go:360.3,361.10 2 1
github.com/marco/evociv-rl/internal/simulation/npc/systems.go:361.10,362.12 1 0
github.com/marco/evociv-rl/internal/simulation/npc/systems.go:364.3,365.10 2 1
github.com/marco/evociv-rl/internal/simulation/npc/systems.go:365.10,366.12 1 0
github.com/marco/evociv-rl/internal/simulation/npc/systems.go:368.3,369.10 2 1
github.com/marco/evociv-rl/internal/simulation/npc/systems.go:369.10,370.12 1 0
github.com/marco/evociv-rl/internal/simulation/npc/systems.go:373.3,374.18 2 1
github.com/marco/evociv-rl/internal/simulation/npc/systems.go:374.18,376.19 2 1
github.com/marco/evociv-rl/internal/simulation/npc/systems.go:376.19,378.5 1 1
github.com/marco/evociv-rl/internal/simulation/npc/systems.go:382.3,383.57 2 1
github.com/marco/evociv-rl/internal/simulation/npc/systems.go:383.57,385.4 1 1
github.com/marco/evociv-rl/internal/simulation/npc/systems.go:385.9,385.65 1 1
github.com/marco/evociv-rl/internal/simulation/npc/systems.go:385.65,387.4 1 0
github.com/marco/evociv-rl/internal/simulation/npc/systems.go:388.3,393.31 4 1
github.com/marco/evociv-rl/internal/simulation/npc/systems.go:393.31,394.80 1 1
github.com/marco/evociv-rl/internal/simulation/npc/systems.go:394.80,395.13 1 0
github.com/marco/evociv-rl/internal/simulation/npc/systems.go:397.4,397.94 1 1
github.com/marco/evociv-rl/internal/simulation/npc/systems.go:397.94,398.13 1 0
github.com/marco/evociv-rl/internal/simulation/npc/systems.go:400.4,400.98 1 1
github.com/marco/evociv-rl/internal/simulation/npc/systems.go:400.98,401.13 1 0
github.com/marco/evociv-rl/internal/simulation/npc/systems.go:403.4,404.39 2 1
github.com/marco/evociv-rl/internal/simulation/npc/systems.go:407.3,407.26 1 1
github.com/marco/evociv-rl/internal/simulation/npc/systems.go:407.26,408.12 1 0
github.com/marco/evociv-rl/internal/simulation/npc/systems.go:411.3,413.53 2 1
github.com/marco/evociv-rl/internal/simulation/npc/systems.go:413.53,415.32 1 1
github.com/marco/evociv-rl/internal/simulation/npc/systems.go:415.32,416.33 1 1
github.com/marco/evociv-rl/internal/simulation/npc/systems.go:416.33,418.11 2 1
github.com/marco/evociv-rl/internal/simulation/npc/systems.go:422.3,422.30 1 1
github.com/marco/evociv-rl/internal/simulation/npc/systems.go:422.30,425.32 2 0
github.com/marco/evociv-rl/internal/simulation/npc/systems.go:425.32,426.25 1 0
github.com/marco/evociv-rl/internal/simulation/npc/systems.go:426.25,428.11 2 0
github.com/marco/evociv-rl/internal/simulation/npc/systems.go:432.3,432.30 1 1
github.com/marco/evociv-rl/internal/simulation/npc/systems.go:432.30,434.4 1 0
github.com/marco/evociv-rl/internal/simulation/npc/systems.go:437.3,449.57 9 1
github.com/marco/evociv-rl/internal/simulation/npc/systems.go:449.57,451.4 1 1
github.com/marco/evociv-rl/internal/simulation/npc/systems.go:451.9,451.65 1 1
github.com/marco/evociv-rl/internal/simulation/npc/systems.go:451.65,453.4 1 0
github.com/marco/evociv-rl/internal/simulation/npc/systems.go:454.3,461.21 5 1
github.com/marco/evociv-rl/internal/simulation/npc/systems.go:463.2,463.12 1 1
github.com/marco/evociv-rl/internal/simulation/npc/systems.go:467.72,470.25 3 1
github.com/marco/evociv-rl/internal/simulation/npc/systems.go:470.25,472.3 1 0
github.com/marco/evociv-rl/internal/simulation/npc/systems.go:473.2,473.26 1 1
github.com/marco/evociv-rl/internal/simulation/npc/systems.go:473.26,475.3 1 0
github.com/marco/evociv-rl/internal/simulation/npc/systems.go:476.2,476.64 1 1
github.com/marco/evociv-rl/internal/simulation/npc/systems.go:485.44,487.2 1 1
github.com/marco/evociv-rl/internal/simulation/npc/systems.go:490.41,490.69 1 0
github.com/marco/evociv-rl/internal/simulation/npc/systems.go:493.66,498.40 5 1
github.com/marco/evociv-rl/internal/simulation/npc/systems.go:498.40,500.3 1 0
github.com/marco/evociv-rl/internal/simulation/npc/systems.go:502.2,502.37 1 1
github.com/marco/evociv-rl/internal/simulation/npc/systems.go:502.37,503.26 1 1
github.com/marco/evociv-rl/internal/simulation/npc/systems.go:503.26,504.12 1 1
github.com/marco/evociv-rl/internal/simulation/npc/systems.go:506.3,507.10 2 1
github.com/marco/evociv-rl/internal/simulation/npc/systems.go:507.10,508.12 1 0
github.com/marco/evociv-rl/internal/simulation/npc/systems.go:510.3,511.10 2 1
github.com/marco/evociv-rl/internal/simulation/npc/systems.go:511.10,512.12 1 0
github.com/marco/evociv-rl/internal/simulation/npc/systems.go:514.3,520.5 1 1
github.com/marco/evociv-rl/internal/simulation/npc/systems.go:522.2,522.12 1 1
github.com/marco/evociv-rl/internal/simulation/npc/systems.go:526.57,528.2 1 1
github.com/marco/evociv-rl/internal/ui/model.go:40.23,46.2 1 1
github.com/marco/evociv-rl/internal/ui/model.go:49.49,53.19 4 1
github.com/marco/evociv-rl/internal/ui/model.go:53.19,55.3 1 1
github.com/marco/evociv-rl/internal/ui/model.go:56.2,56.19 1 1
github.com/marco/evociv-rl/internal/ui/model.go:56.19,58.3 1 1
github.com/marco/evociv-rl/internal/ui/model.go:62.60,64.2 1 0
github.com/marco/evociv-rl/internal/ui/model.go:67.81,69.2 1 1
github.com/marco/evociv-rl/internal/ui/model.go:72.43,74.2 1 0
github.com/marco/evociv-rl/internal/ui/model.go:77.31,79.2 1 1
github.com/marco/evociv-rl/internal/ui/model.go:82.37,83.66 1 1
github.com/marco/evociv-rl/internal/ui/model.go:83.66,85.3 1 0
github.com/marco/evociv-rl/internal/ui/model.go:89.57,90.27 1 1
github.com/marco/evociv-rl/internal/ui/model.go:91.18,92.23 1 1
github.com/marco/evociv-rl/internal/ui/model.go:93.12,94.23 1 1
github.com/marco/evociv-rl/internal/ui/model.go:94.23,97.5 2 1
github.com/marco/evociv-rl/internal/ui/model.go:98.4,99.22 2 1
github.com/marco/evociv-rl/internal/ui/model.go:100.14,101.23 1 1
github.com/marco/evociv-rl/internal/ui/model.go:101.23,104.5 2 1
github.com/marco/evociv-rl/internal/ui/model.go:105.12,106.24 1 1
github.com/marco/evociv-rl/internal/ui/model.go:106.24,107.30 1 1
github.com/marco/evociv-rl/internal/ui/model.go:107.30,109.6 1 1
github.com/marco/evociv-rl/internal/ui/model.go:109.11,111.6 1 1
github.com/marco/evociv-rl/internal/ui/model.go:113.12,114.45 1 1
github.com/marco/evociv-rl/internal/ui/model.go:114.45,116.5 1 1
github.com/marco/evociv-rl/internal/ui/model.go:117.13,118.21 1 1
github.com/marco/evociv-rl/internal/ui/model.go:118.21,120.5 1 1
github.com/marco/evociv-rl/internal/ui/model.go:121.15,122.30 1 1
github.com/marco/evociv-rl/internal/ui/model.go:122.30,124.5 1 1
github.com/marco/evociv-rl/internal/ui/model.go:125.15,126.21 1 1
github.com/marco/evociv-rl/internal/ui/model.go:126.21,128.5 1 1
github.com/marco/evociv-rl/internal/ui/model.go:129.16,130.29 1 1
github.com/marco/evociv-rl/internal/ui/model.go:130.29,132.5 1 1
github.com/marco/evociv-rl/internal/ui/model.go:133.12,134.63 1 1
github.com/marco/evociv-rl/internal/ui/model.go:134.63,136.5 1 1
github.com/marco/evociv-rl/internal/ui/model.go:137.12,138.81 1 1
github.com/marco/evociv-rl/internal/ui/model.go:138.81,140.5 1 1
github.com/marco/evociv-rl/internal/ui/model.go:141.12,142.63 1 1
github.com/marco/evociv-rl/internal/ui/model.go:142.63,144.5 1 1
github.com/marco/evociv-rl/internal/ui/model.go:145.12,146.80 1 1
github.com/marco/evociv-rl/internal/ui/model.go:146.80,148.5 1 1
github.com/marco/evociv-rl/internal/ui/model.go:150.25,155.29 5 1
github.com/marco/evociv-rl/internal/ui/model.go:156.15,157.45 1 0
github.com/marco/evociv-rl/internal/ui/model.go:157.45,163.4 4 0
github.com/marco/evociv-rl/internal/ui/model.go:164.3,164.27 1 0
github.com/marco/evociv-rl/internal/ui/model.go:166.2,166.15 1 1
github.com/marco/evociv-rl/internal/ui/model.go:169.34,171.43 1 0
github.com/marco/evociv-rl/internal/ui/model.go:171.43,172.47 1 0
github.com/marco/evociv-rl/internal/ui/model.go:172.47,176.4 2 0
github.com/marco/evociv-rl/internal/ui/model.go:179.2,179.43 1 0
github.com/marco/evociv-rl/internal/ui/model.go:179.43,180.61 1 0
github.com/marco/evociv-rl/internal/ui/model.go:180.61,183.9 3 0
github.com/marco/evociv-rl/internal/ui/model.go:188.36,189.23 1 1
github.com/marco/evociv-rl/internal/ui/model.go:189.23,191.3 1 0
github.com/marco/evociv-rl/internal/ui/model.go:192.2,194.34 3 1
github.com/marco/evociv-rl/internal/ui/model.go:194.34,196.3 1 1
github.com/marco/evociv-rl/internal/ui/model.go:197.2,197.36 1 1
github.com/marco/evociv-rl/internal/ui/model.go:197.36,198.45 1 1
github.com/marco/evociv-rl/internal/ui/model.go:198.45,203.4 4 1
github.com/marco/evociv-rl/internal/ui/model.go:205.2,205.43 1 1
github.com/marco/evociv-rl/internal/ui/model.go:205.43,206.45 1 1
github.com/marco/evociv-rl/internal/ui/model.go:206.45,211.4 4 1
github.com/marco/evociv-rl/internal/ui/model.go:216.30,218.2 1 1
github.com/marco/evociv-rl/internal/ui/view.go:53.33,54.14 1 1
github.com/marco/evociv-rl/internal/ui/view.go:54.14,56.3 1 1
github.com/marco/evociv-rl/internal/ui/view.go:58.2,58.18 1 1
github.com/marco/evociv-rl/internal/ui/view.go:59.13,60.22 1 1
github.com/marco/evociv-rl/internal/ui/view.go:61.10,62.26 1 1
github.com/marco/evociv-rl/internal/ui/view.go:66.36,83.2 6 1
github.com/marco/evociv-rl/internal/ui/view.go:85.38,86.22 1 1
github.com/marco/evociv-rl/internal/ui/view.go:86.22,88.3 1 1
github.com/marco/evociv-rl/internal/ui/view.go:89.2,89.23 1 1
github.com/marco/evociv-rl/internal/ui/view.go:89.23,91.3 1 0
github.com/marco/evociv-rl/internal/ui/view.go:93.2,93.24 1 1
github.com/marco/evociv-rl/internal/ui/view.go:93.24,95.3 1 1
github.com/marco/evociv-rl/internal/ui/view.go:96.2,96.31 1 1
github.com/marco/evociv-rl/internal/ui/view.go:96.31,98.3 1 1
github.com/marco/evociv-rl/internal/ui/view.go:99.2,99.11 1 0
github.com/marco/evociv-rl/internal/ui/view.go:102.41,110.32 7 1
github.com/marco/evociv-rl/internal/ui/view.go:110.32,111.77 1 0
github.com/marco/evociv-rl/internal/ui/view.go:111.77,113.4 1 0
github.com/marco/evociv-rl/internal/ui/view.go:116.2,125.19 8 1
github.com/marco/evociv-rl/internal/ui/view.go:128.48,130.9 2 1
github.com/marco/evociv-rl/internal/ui/view.go:130.9,132.3 1 0
github.com/marco/evociv-rl/internal/ui/view.go:134.2,143.19 9 1
github.com/marco/evociv-rl/internal/ui/view.go:146.32,147.23 1 1
github.com/marco/evociv-rl/internal/ui/view.go:147.23,152.3 1 1
github.com/marco/evociv-rl/internal/ui/view.go:154.2,158.40 4 1
github.com/marco/evociv-rl/internal/ui/view.go:158.40,160.34 2 1
github.com/marco/evociv-rl/internal/ui/view.go:160.34,162.12 2 1
github.com/marco/evociv-rl/internal/ui/view.go:165.3,166.40 2 1
github.com/marco/evociv-rl/internal/ui/view.go:166.40,168.34 2 1
github.com/marco/evociv-rl/internal/ui/view.go:168.34,170.13 2 1
github.com/marco/evociv-rl/internal/ui/view.go:173.4,176.21 3 1
github.com/marco/evociv-rl/internal/ui/view.go:176.21,177.17 1 1
github.com/marco/evociv-rl/internal/ui/view.go:177.17,180.6 1 0
github.com/marco/evociv-rl/internal/ui/view.go:181.5,182.13 2 1
github.com/marco/evociv-rl/internal/ui/view.go:185.4,186.19 2 1
github.com/marco/evociv-rl/internal/ui/view.go:186.19,187.17 1 0
github.com/marco/evociv-rl/internal/ui/view.go:187.17,189.6 1 0
github.com/marco/evociv-rl/internal/ui/view.go:189.11,191.6 1 0
github.com/marco/evociv-rl/internal/ui/view.go:192.5,192.13 1 0
github.com/marco/evociv-rl/internal/ui/view.go:195.4,196.11 2 1
github.com/marco/evociv-rl/internal/ui/view.go:196.11,198.5 1 1
github.com/marco/evociv-rl/internal/ui/view.go:199.4,202.16 2 1
github.com/marco/evociv-rl/internal/ui/view.go:202.16,207.5 1 0
github.com/marco/evociv-rl/internal/ui/view.go:208.4,208.28 1 1
github.com/marco/evociv-rl/internal/ui/view.go:210.3,210.39 1 1
github.com/marco/evociv-rl/internal/ui/view.go:213.2,214.21 2 1
github.com/marco/evociv-rl/internal/ui/view.go:214.21,216.3 1 0
github.com/marco/evociv-rl/internal/ui/view.go:217.2,217.15 1 1
github.com/marco/evociv-rl/internal/ui/view.go:222.56,224.36 1 1
github.com/marco/evociv-rl/internal/ui/view.go:224.36,225.53 1 1
github.com/marco/evociv-rl/internal/ui/view.go:225.53,229.4 1 1
github.com/marco/evociv-rl/internal/ui/view.go:232.2,232.43 1 1
github.com/marco/evociv-rl/internal/ui/view.go:232.43,233.53 1 1
github.com/marco/evociv-rl/internal/ui/view.go:233.53,235.4 1 1
github.com/marco/evociv-rl/internal/ui/view.go:238.2,238.11 1 1
github.com/marco/evociv-rl/internal/ui/view.go:241.68,245.2 1 1
github.com/marco/evociv-rl/internal/data/loader.go:18.36,20.2 1 1
github.com/marco/evociv-rl/internal/data/loader.go:23.64,25.16 2 1
github.com/marco/evociv-rl/internal/data/loader.go:25.16,27.3 1 0
github.com/marco/evociv-rl/internal/data/loader.go:28.2,28.32 1 1
github.com/marco/evociv-rl/internal/data/loader.go:28.32,29.61 1 1
github.com/marco/evociv-rl/internal/data/loader.go:29.61,30.12 1 0
github.com/marco/evociv-rl/internal/data/loader.go:32.3,33.17 2 1
github.com/marco/evociv-rl/internal/data/loader.go:33.17,35.4 1 0
github.com/marco/evociv-rl/internal/data/loader.go:36.3,40.52 2 1
github.com/marco/evociv-rl/internal/data/loader.go:40.52,42.4 1 1
github.com/marco/evociv-rl/internal/data/loader.go:43.3,43.21 1 1
github.com/marco/evociv-rl/internal/data/loader.go:43.21,45.4 1 1
github.com/marco/evociv-rl/internal/data/loader.go:47.2,47.12 1 1
github.com/marco/evociv-rl/internal/data/registry.go:11.30,15.2 1 1
github.com/marco/evociv-rl/internal/data/registry.go:18.52,20.2 1 1
github.com/marco/evociv-rl/internal/data/registry.go:23.53,26.9 3 1
github.com/marco/evociv-rl/internal/data/registry.go:26.9,28.3 1 1
github.com/marco/evociv-rl/internal/data/registry.go:29.2,30.9 2 1
github.com/marco/evociv-rl/internal/data/registry.go:30.9,32.3 1 0
github.com/marco/evociv-rl/internal/data/registry.go:33.2,33.20 1 1
github.com/marco/evociv-rl/internal/data/registry.go:37.34,42.29 5 1
github.com/marco/evociv-rl/internal/data/registry.go:42.29,43.34 1 1
github.com/marco/evociv-rl/internal/data/registry.go:43.34,45.4 1 1
github.com/marco/evociv-rl/internal/data/registry.go:47.2,47.12 1 1
github.com/marco/evociv-rl/internal/data/registry.go:51.37,53.29 2 1
github.com/marco/evociv-rl/internal/data/registry.go:53.29,55.3 1 1
github.com/marco/evociv-rl/internal/data/registry.go:56.2,57.23 2 1
github.com/marco/evociv-rl/internal/data/registry.go:57.23,59.3 1 1
github.com/marco/evociv-rl/internal/data/registry.go:60.2,60.12 1 1
github.com/marco/evociv-rl/internal/data/validator.go:18.59,21.9 3 1
github.com/marco/evociv-rl/internal/data/validator.go:21.9,23.3 1 0
github.com/marco/evociv-rl/internal/data/validator.go:24.2,25.28 2 1
github.com/marco/evociv-rl/internal/data/validator.go:25.28,27.10 2 1
github.com/marco/evociv-rl/internal/data/validator.go:27.10,28.12 1 0
github.com/marco/evociv-rl/internal/data/validator.go:30.3,31.25 2 1
github.com/marco/evociv-rl/internal/data/validator.go:31.25,32.12 1 0
github.com/marco/evociv-rl/internal/data/validator.go:34.3,34.18 1 1
github.com/marco/evociv-rl/internal/data/validator.go:34.18,36.4 1 1
github.com/marco/evociv-rl/internal/data/validator.go:37.3,37.21 1 1
github.com/marco/evociv-rl/internal/data/validator.go:39.2,39.13 1 1
github.com/marco/evociv-rl/internal/data/validator.go:48.64,51.9 3 1
github.com/marco/evociv-rl/internal/data/validator.go:51.9,53.3 1 0
github.com/marco/evociv-rl/internal/data/validator.go:54.2,54.28 1 1
github.com/marco/evociv-rl/internal/data/validator.go:54.28,56.10 2 1
github.com/marco/evociv-rl/internal/data/validator.go:56.10,57.12 1 0
github.com/marco/evociv-rl/internal/data/validator.go:59.3,59.30 1 1
github.com/marco/evociv-rl/internal/data/validator.go:59.30,61.24 2 1
github.com/marco/evociv-rl/internal/data/validator.go:61.24,63.5 1 1
github.com/marco/evociv-rl/internal/data/validator.go:66.2,66.13 1 1
github.com/marco/evociv-rl/internal/world/gen/biomes.go:26.60,27.27 1 1
github.com/marco/evociv-rl/internal/world/gen/biomes.go:27.27,30.81 1 1
github.com/marco/evociv-rl/internal/world/gen/biomes.go:30.81,32.4 1 1
github.com/marco/evociv-rl/internal/world/gen/biomes.go:34.2,34.18 1 1
github.com/marco/evociv-rl/internal/world/gen/biomes.go:38.62,40.9 2 1
github.com/marco/evociv-rl/internal/world/gen/biomes.go:40.9,42.3 1 0
github.com/marco/evociv-rl/internal/world/gen/biomes.go:44.2,45.27 2 1
github.com/marco/evociv-rl/internal/world/gen/biomes.go:45.27,47.10 2 1
github.com/marco/evociv-rl/internal/world/gen/biomes.go:47.10,48.12 1 0
github.com/marco/evociv-rl/internal/world/gen/biomes.go:50.3,51.36 2 1
github.com/marco/evociv-rl/internal/world/gen/biomes.go:51.36,53.4 1 1
github.com/marco/evociv-rl/internal/world/gen/biomes.go:54.3,54.38 1 1
github.com/marco/evociv-rl/internal/world/gen/biomes.go:54.38,56.4 1 1
github.com/marco/evociv-rl/internal/world/gen/biomes.go:57.3,57.40 1 1
github.com/marco/evociv-rl/internal/world/gen/biomes.go:57.40,59.4 1 1
github.com/marco/evociv-rl/internal/world/gen/biomes.go:60.3,60.39 1 1
github.com/marco/evociv-rl/internal/world/gen/biomes.go:60.39,62.4 1 1
github.com/marco/evociv-rl/internal/world/gen/biomes.go:63.3,63.45 1 1
github.com/marco/evociv-rl/internal/world/gen/biomes.go:63.45,65.4 1 1
github.com/marco/evociv-rl/internal/world/gen/biomes.go:66.3,66.45 1 1
github.com/marco/evociv-rl/internal/world/gen/biomes.go:66.45,68.4 1 1
github.com/marco/evociv-rl/internal/world/gen/biomes.go:69.3,69.47 1 1
github.com/marco/evociv-rl/internal/world/gen/biomes.go:69.47,71.4 1 1
github.com/marco/evociv-rl/internal/world/gen/biomes.go:72.3,72.47 1 1
github.com/marco/evociv-rl/internal/world/gen/biomes.go:72.47,74.4 1 1
github.com/marco/evociv-rl/internal/world/gen/biomes.go:75.3,75.50 1 1
github.com/marco/evociv-rl/internal/world/gen/biomes.go:75.50,77.4 1 1
github.com/marco/evociv-rl/internal/world/gen/biomes.go:78.3,78.50 1 1
github.com/marco/evociv-rl/internal/world/gen/biomes.go:78.50,80.4 1 1
github.com/marco/evociv-rl/internal/world/gen/biomes.go:81.3,81.29 1 1
github.com/marco/evociv-rl/internal/world/gen/biomes.go:83.2,83.20 1 1
github.com/marco/evociv-rl/internal/world/gen/biomes.go:86.39,87.25 1 1
github.com/marco/evociv-rl/internal/world/gen/biomes.go:88.15,89.19 1 1
github.com/marco/evociv-rl/internal/world/gen/biomes.go:90.11,91.28 1 0
github.com/marco/evociv-rl/internal/world/gen/biomes.go:92.13,93.28 1 0
github.com/marco/evociv-rl/internal/world/gen/biomes.go:94.10,95.18 1 0
github.com/marco/evociv-rl/internal/world/gen/genconfig.go:22.37,23.18 1 1
github.com/marco/evociv-rl/internal/world/gen/genconfig.go:23.18,25.3 1 1
github.com/marco/evociv-rl/internal/world/gen/genconfig.go:26.2,26.19 1 1
github.com/marco/evociv-rl/internal/world/gen/genconfig.go:26.19,28.3 1 1
github.com/marco/evociv-rl/internal/world/gen/genconfig.go:29.2,29.12 1 1
github.com/marco/evociv-rl/internal/world/gen/genconfig.go:33.64,35.16 2 1
github.com/marco/evociv-rl/internal/world/gen/genconfig.go:35.16,37.3 1 1
github.com/marco/evociv-rl/internal/world/gen/genconfig.go:39.2,43.51 2 1
github.com/marco/evociv-rl/internal/world/gen/genconfig.go:43.51,45.3 1 1
github.com/marco/evociv-rl/internal/world/gen/genconfig.go:46.2,46.48 1 1
github.com/marco/evociv-rl/internal/world/gen/genconfig.go:46.48,48.3 1 0
github.com/marco/evociv-rl/internal/world/gen/genconfig.go:50.2,51.22 2 1
github.com/marco/evociv-rl/internal/world/gen/genconfig.go:51.22,53.3 1 1
github.com/marco/evociv-rl/internal/world/gen/genconfig.go:54.2,54.25 1 1
github.com/marco/evociv-rl/internal/world/gen/genconfig.go:54.25,56.3 1 1
github.com/marco/evociv-rl/internal/world/gen/genconfig.go:57.2,57.19 1 1
github.com/marco/evociv-rl/internal/world/gen/genconfig.go:57.19,59.3 1 1
github.com/marco/evociv-rl/internal/world/gen/genconfig.go:60.2,60.20 1 1
github.com/marco/evociv-rl/internal/world/gen/genconfig.go:60.20,62.3 1 1
github.com/marco/evociv-rl/internal/world/gen/genconfig.go:64.2,64.17 1 1
github.com/marco/evociv-rl/internal/world/gen/generate.go:15.87,16.42 1 1
github.com/marco/evociv-rl/internal/world/gen/generate.go:16.42,18.3 1 1
github.com/marco/evociv-rl/internal/world/gen/generate.go:20.2,21.15 2 1
github.com/marco/evociv-rl/internal/world/gen/generate.go:21.15,23.3 1 0
github.com/marco/evociv-rl/internal/world/gen/generate.go:25.2,25.25 1 1
github.com/marco/evociv-rl/internal/world/gen/generate.go:25.25,26.26 1 1
github.com/marco/evociv-rl/internal/world/gen/generate.go:26.26,28.19 2 1
github.com/marco/evociv-rl/internal/world/gen/generate.go:28.19,29.13 1 0
github.com/marco/evociv-rl/internal/world/gen/generate.go:33.4,52.44 11 1
github.com/marco/evociv-rl/internal/world/gen/generate.go:56.2,56.16 1 1
github.com/marco/evociv-rl/internal/world/gen/noise.go:10.56,11.16 1 1
github.com/marco/evociv-rl/internal/world/gen/noise.go:11.16,13.3 1 0
github.com/marco/evociv-rl/internal/world/gen/noise.go:14.2,45.12 17 1
github.com/marco/evociv-rl/internal/world/gen/noise.go:50.92,51.18 1 1
github.com/marco/evociv-rl/internal/world/gen/noise.go:51.18,53.3 1 0
github.com/marco/evociv-rl/internal/world/gen/noise.go:54.2,59.31 5 1
github.com/marco/evociv-rl/internal/world/gen/noise.go:59.31,64.3 4 1
github.com/marco/evociv-rl/internal/world/gen/noise.go:66.2,66.19 1 1
github.com/marco/evociv-rl/internal/world/gen/noise.go:66.19,68.3 1 0
github.com/marco/evociv-rl/internal/world/gen/noise.go:69.2,69.25 1 1
github.com/marco/evociv-rl/internal/world/gen/noise.go:72.34,76.19 4 1
github.com/marco/evociv-rl/internal/world/gen/noise.go:76.19,78.3 1 1
github.com/marco/evociv-rl/internal/world/gen/noise.go:79.2,79.34 1 1
github.com/marco/evociv-rl/internal/world/gen/noise.go:79.34,81.3 1 1
github.com/marco/evociv-rl/internal/world/gen/noise.go:82.2,82.27 1 1
github.com/marco/evociv-rl/internal/world/gen/noise.go:82.27,84.3 1 1
github.com/marco/evociv-rl/internal/world/gen/noise.go:85.2,85.13 1 1
github.com/marco/evociv-rl/internal/world/gen/noise.go:88.30,90.2 1 1
github.com/marco/evociv-rl/internal/world/gen/noise.go:92.36,94.2 1 1
github.com/marco/evociv-rl/internal/world/gen/noise.go:96.58,99.12 3 1
github.com/marco/evociv-rl/internal/world/gen/noise.go:99.12,101.3 1 1
github.com/marco/evociv-rl/internal/world/gen/noise.go:102.2,103.12 2 1
github.com/marco/evociv-rl/internal/world/gen/noise.go:103.12,105.25 2 1
github.com/marco/evociv-rl/internal/world/gen/noise.go:105.25,107.4 1 1
github.com/marco/evociv-rl/internal/world/gen/noise.go:109.2,109.18 1 1
github.com/marco/evociv-rl/internal/world/gen/noise.go:109.18,111.3 1 1
github.com/marco/evociv-rl/internal/world/gen/noise.go:112.2,112.18 1 1
github.com/marco/evociv-rl/internal/world/gen/noise.go:112.18,114.3 1 1
github.com/marco/evociv-rl/internal/world/gen/noise.go:115.2,115.14 1 1
github.com/marco/evociv-rl/internal/store/sqlite.go:17.36,19.2 1 1
github.com/marco/evociv-rl/internal/store/sqlite.go:22.47,24.16 2 1
github.com/marco/evociv-rl/internal/store/sqlite.go:24.16,26.3 1 0
github.com/marco/evociv-rl/internal/store/sqlite.go:27.2,29.34 3 1
github.com/marco/evociv-rl/internal/store/sqlite.go:29.34,31.3 1 1
github.com/marco/evociv-rl/internal/store/sqlite.go:32.2,32.20 1 1
github.com/marco/evociv-rl/internal/store/sqlite.go:35.39,44.16 2 1
github.com/marco/evociv-rl/internal/store/sqlite.go:44.16,46.3 1 0
github.com/marco/evociv-rl/internal/store/sqlite.go:49.2,51.19 3 1
github.com/marco/evociv-rl/internal/store/sqlite.go:51.19,53.17 2 0
github.com/marco/evociv-rl/internal/store/sqlite.go:53.17,55.4 1 0
github.com/marco/evociv-rl/internal/store/sqlite.go:58.2,65.16 2 1
github.com/marco/evociv-rl/internal/store/sqlite.go:65.16,67.3 1 0
github.com/marco/evociv-rl/internal/store/sqlite.go:68.2,68.12 1 1
github.com/marco/evociv-rl/internal/store/sqlite.go:72.91,77.16 2 1
github.com/marco/evociv-rl/internal/store/sqlite.go:77.16,79.3 1 0
github.com/marco/evociv-rl/internal/store/sqlite.go:80.2,80.12 1 1
github.com/marco/evociv-rl/internal/store/sqlite.go:84.105,86.73 2 1
github.com/marco/evociv-rl/internal/store/sqlite.go:86.73,88.3 1 1
github.com/marco/evociv-rl/internal/store/sqlite.go:89.2,89.48 1 1
github.com/marco/evociv-rl/internal/store/sqlite.go:93.37,94.17 1 1
github.com/marco/evociv-rl/internal/store/sqlite.go:94.17,96.3 1 0
github.com/marco/evociv-rl/internal/store/sqlite.go:97.2,97.21 1 1
github.com/marco/evociv-rl/internal/store/sqlite.go:101.38,102.17 1 1
github.com/marco/evociv-rl/internal/store/sqlite.go:102.17,104.3 1 0
github.com/marco/evociv-rl/internal/store/sqlite.go:105.2,105.20 1 1
github.com/marco/evociv-rl/internal/store/sqlite.go:109.37,111.2 1 1
github.com/marco/evociv-rl/internal/store/sqlite.go:114.89,116.16 2 1
github.com/marco/evociv-rl/internal/store/sqlite.go:116.16,118.3 1 0
github.com/marco/evociv-rl/internal/store/sqlite.go:119.2,122.16 3 1
github.com/marco/evociv-rl/internal/store/sqlite.go:122.16,124.3 1 0
github.com/marco/evociv-rl/internal/store/sqlite.go:126.2,127.16 2 1
github.com/marco/evociv-rl/internal/store/sqlite.go:127.16,129.3 1 0
github.com/marco/evociv-rl/internal/store/sqlite.go:130.2,132.37 2 1
github.com/marco/evociv-rl/internal/store/sqlite.go:132.37,133.38 1 1
github.com/marco/evociv-rl/internal/store/sqlite.go:133.38,135.18 2 1
github.com/marco/evociv-rl/internal/store/sqlite.go:135.18,137.5 1 0
github.com/marco/evociv-rl/internal/store/sqlite.go:141.2,141.20 1 1
github.com/marco/evociv-rl/internal/store/sqlite.go:145.84,147.16 2 1
github.com/marco/evociv-rl/internal/store/sqlite.go:147.16,149.3 1 0
github.com/marco/evociv-rl/internal/store/sqlite.go:150.2,153.18 3 1
github.com/marco/evociv-rl/internal/store/sqlite.go:153.18,156.60 3 1
github.com/marco/evociv-rl/internal/store/sqlite.go:156.60,158.4 1 0
github.com/marco/evociv-rl/internal/store/sqlite.go:159.3,159.27 1 1
github.com/marco/evociv-rl/internal/store/sqlite.go:159.27,161.4 1 1
github.com/marco/evociv-rl/internal/store/sqlite.go:162.3,162.32 1 1
github.com/marco/evociv-rl/internal/store/sqlite.go:164.2,164.27 1 1
